
pnmainc -log pnmain "weird_instrument_fpga_source_map.tcl"
map:  version Radiant Software (64-bit) 2024.2.0.3.0

Copyright (c) 1991-1994 by NeoCAD Inc. All rights reserved.
Copyright (c) 1995 AT&T Corp.   All rights reserved.
Copyright (c) 1995-2001 Lucent Technologies Inc.  All rights reserved.
Copyright (c) 2001 Agere Systems   All rights reserved.
Copyright (c) 2002-2024 Lattice Semiconductor Corporation,  All rights reserved.

Command line:   map -i weird_instrument_fpga_source_syn.udb -o weird_instrument_fpga_source_map.udb -mp weird_instrument_fpga_source.mrp -hierrpt -gui -msgset C:/Users/mkan/Documents/GitHub/s-m_microp_project/fpga/weird_instrument_fpga/promote.xml 

Loading device for application GENERIC from file 'itpa08.nph' in environment: C:/lscc/radiant/2024.2/ispfpga.
Package Status:                     Preliminary    Version 1.5.



Design:  shiftreg
Family:  iCE40UP
Device:  iCE40UP5K
Package: SG48
Performance Grade:  High-Performance_1.2V

Running general design DRC...




Design Summary:
   Number of slice registers:   0 out of  5280 (0%)
   Number of I/O registers:     51 out of   117 (44%)
   Number of LUT4s:            51 out of  5280 (1%)
      Number of logic LUT4s:              51
      Number of ripple logic:              0 (0 LUT4s)
   Number of IO sites used:   105 out of 39 (269%)
      Number of IO sites used for general PIO: 105
      Number of IO sites used for I3C: 0 out of 2 (0%)
      (note: If I3C is not used, its site can be used as general PIO)
      Number of IO sites used for PIO+I3C: 105 out of 36 (292%)
      Number of IO sites used for OD+RGB IO buffers: 0 out of 3 (0%)
      (note: If RGB LED drivers are not used, sites can be used as OD outputs,
       see TN1288 iCE40 LED Driver Usage Guide)
      Number of IO sites used for PIO+I3C+OD+RGB: 105 out of 39 (269%)
   Number of DSPs:             0 out of 8 (0%)
   Number of I2Cs:             0 out of 2 (0%)
   Number of High Speed OSCs:  0 out of 1 (0%)
   Number of Low Speed OSCs:   0 out of 1 (0%)
   Number of RGB PWM:          0 out of 1 (0%)
   Number of RGB Drivers:      0 out of 1 (0%)
   Number of SCL FILTERs:      0 out of 2 (0%)
   Number of SRAMs:            0 out of 4 (0%)
   Number of WARMBOOTs:        0 out of 1 (0%)
   Number of SPIs:             0 out of 2 (0%)
   Number of EBRs:             0 out of 30 (0%)
   Number of PLLs:             0 out of 1 (0%)
   Number of Clocks:  1
      Net clk_c: 51 loads, 51 rising, 0 falling (Driver: Port clk)
   Number of Clock Enables:  0
   Number of LSRs:  0
   Top 10 highest fanout non-clock nets:
      Net ready_in_c: 51 loads
      Net shiftreg_prev_c_0: 2 loads
      Net shiftreg_prev_c_1: 2 loads
      Net shiftreg_prev_c_2: 2 loads
      Net shiftreg_prev_c_3: 2 loads
      Net shiftreg_prev_c_4: 2 loads
      Net shiftreg_prev_c_5: 2 loads
      Net shiftreg_prev_c_6: 2 loads
      Net shiftreg_prev_c_7: 2 loads
      Net shiftreg_prev_c_8: 2 loads
ERROR <51001122> - Design doesn't fit into device specified, refer to the design summary section for more details.
Running physical design DRC...

 


   Number of warnings:  0
   Number of criticals: 0
   Number of errors:    1



Total CPU Time: 0 secs  
Total REAL Time: 0 secs  
Peak Memory Usage: 63 MB

Error: the command map_run failed.

Thank you for using Radiant. Total CPU/Elapsed time: 0 secs /0 secs 
